<?xml version="1.0" encoding="UTF-8"?>
<testng-results skipped="0" failed="1" total="1" passed="0">
  <reporter-output>
  </reporter-output>
  <suite name="Default suite" duration-ms="46155" started-at="2020-08-16T06:36:37Z" finished-at="2020-08-16T06:37:23Z">
    <groups>
    </groups>
    <test name="Default test" duration-ms="46155" started-at="2020-08-16T06:36:37Z" finished-at="2020-08-16T06:37:23Z">
      <class name="com.codechallenge.seleniumtestng.FBtest.FlightBookingTest">
        <test-method status="PASS" signature="suiteSetup()[pri:0, instance:com.codechallenge.seleniumtestng.FBtest.FlightBookingTest@61443d8f]" name="suiteSetup" is-config="true" duration-ms="6823" started-at="2020-08-16T12:06:30Z" finished-at="2020-08-16T12:06:37Z">
          <reporter-output>
          </reporter-output>
        </test-method> <!-- suiteSetup -->
        <test-method status="PASS" signature="beforeTest()[pri:0, instance:com.codechallenge.seleniumtestng.FBtest.FlightBookingTest@61443d8f]" name="beforeTest" is-config="true" duration-ms="10930" started-at="2020-08-16T12:06:37Z" finished-at="2020-08-16T12:06:48Z">
          <reporter-output>
          </reporter-output>
        </test-method> <!-- beforeTest -->
        <test-method status="FAIL" signature="flightDeals()[pri:0, instance:com.codechallenge.seleniumtestng.FBtest.FlightBookingTest@61443d8f]" name="flightDeals" duration-ms="35217" started-at="2020-08-16T12:06:48Z" finished-at="2020-08-16T12:07:23Z">
          <exception class="java.lang.AssertionError">
            <message>
              <![CDATA[expected [true] but found [false]]]>
            </message>
            <full-stacktrace>
              <![CDATA[java.lang.AssertionError: expected [true] but found [false]
	at org.testng.Assert.fail(Assert.java:94)
	at org.testng.Assert.failNotEquals(Assert.java:513)
	at org.testng.Assert.assertTrue(Assert.java:42)
	at org.testng.Assert.assertTrue(Assert.java:52)
	at com.codechallenge.seleniumtestng.FBtest.FlightBookingTest.flightDeals(FlightBookingTest.java:196)
	at sun.reflect.NativeMethodAccessorImpl.invoke0(Native Method)
	at sun.reflect.NativeMethodAccessorImpl.invoke(Unknown Source)
	at sun.reflect.DelegatingMethodAccessorImpl.invoke(Unknown Source)
	at java.lang.reflect.Method.invoke(Unknown Source)
	at org.testng.internal.MethodInvocationHelper.invokeMethod(MethodInvocationHelper.java:86)
	at org.testng.internal.Invoker.invokeMethod(Invoker.java:645)
	at org.testng.internal.Invoker.invokeTestMethod(Invoker.java:822)
	at org.testng.internal.Invoker.invokeTestMethods(Invoker.java:1130)
	at org.testng.internal.TestMethodWorker.invokeTestMethods(TestMethodWorker.java:129)
	at org.testng.internal.TestMethodWorker.run(TestMethodWorker.java:112)
	at org.testng.TestRunner.privateRun(TestRunner.java:782)
	at org.testng.TestRunner.run(TestRunner.java:632)
	at org.testng.SuiteRunner.runTest(SuiteRunner.java:366)
	at org.testng.SuiteRunner.runSequentially(SuiteRunner.java:361)
	at org.testng.SuiteRunner.privateRun(SuiteRunner.java:319)
	at org.testng.SuiteRunner.run(SuiteRunner.java:268)
	at org.testng.SuiteRunnerWorker.runSuite(SuiteRunnerWorker.java:52)
	at org.testng.SuiteRunnerWorker.run(SuiteRunnerWorker.java:86)
	at org.testng.TestNG.runSuitesSequentially(TestNG.java:1244)
	at org.testng.TestNG.runSuitesLocally(TestNG.java:1169)
	at org.testng.TestNG.run(TestNG.java:1064)
	at org.testng.remote.RemoteTestNG.run(RemoteTestNG.java:113)
	at org.testng.remote.RemoteTestNG.initAndRun(RemoteTestNG.java:206)
	at org.testng.remote.RemoteTestNG.main(RemoteTestNG.java:177)
]]>
            </full-stacktrace>
          </exception> <!-- java.lang.AssertionError -->
          <reporter-output>
          </reporter-output>
        </test-method> <!-- flightDeals -->
        <test-method status="PASS" signature="afterTest()[pri:0, instance:com.codechallenge.seleniumtestng.FBtest.FlightBookingTest@61443d8f]" name="afterTest" is-config="true" duration-ms="0" started-at="2020-08-16T12:07:23Z" finished-at="2020-08-16T12:07:23Z">
          <reporter-output>
          </reporter-output>
        </test-method> <!-- afterTest -->
        <test-method status="PASS" signature="suiteTeardown()[pri:0, instance:com.codechallenge.seleniumtestng.FBtest.FlightBookingTest@61443d8f]" name="suiteTeardown" is-config="true" duration-ms="3139" started-at="2020-08-16T12:07:23Z" finished-at="2020-08-16T12:07:26Z">
          <reporter-output>
          </reporter-output>
        </test-method> <!-- suiteTeardown -->
      </class> <!-- com.codechallenge.seleniumtestng.FBtest.FlightBookingTest -->
    </test> <!-- Default test -->
  </suite> <!-- Default suite -->
</testng-results>
